[
  <ref *1> IncomingMessage {
    _readableState: ReadableState {
      objectMode: false,
      highWaterMark: 16384,
      buffer: BufferList { head: [Object], tail: [Object], length: 1 },
      length: 38,
      pipes: [],
      flowing: null,
      ended: false,
      endEmitted: false,
      reading: false,
      constructed: true,
      sync: true,
      needReadable: false,
      emittedReadable: false,
      readableListening: false,
      resumeScheduled: false,
      errorEmitted: false,
      emitClose: true,
      autoDestroy: true,
      destroyed: false,
      errored: null,
      closed: false,
      closeEmitted: false,
      defaultEncoding: 'utf8',
      awaitDrainWriters: null,
      multiAwaitDrain: false,
      readingMore: true,
      dataEmitted: false,
      decoder: null,
      encoding: null,
      [Symbol(kPaused)]: null
    },
    _events: [Object: null prototype] { end: [Function: responseOnEnd] },
    _eventsCount: 1,
    _maxListeners: undefined,
    socket: Socket {
      connecting: false,
      _hadError: false,
      _parent: null,
      _host: 'localhost',
      _readableState: [ReadableState],
      _events: [Object: null prototype],
      _eventsCount: 8,
      _maxListeners: undefined,
      _writableState: [WritableState],
      allowHalfOpen: false,
      _sockname: null,
      _pendingData: null,
      _pendingEncoding: '',
      server: null,
      _server: null,
      parser: [HTTPParser],
      _httpMessage: [ClientRequest],
      [Symbol(async_id_symbol)]: 7,
      [Symbol(kHandle)]: [TCP],
      [Symbol(kSetNoDelay)]: false,
      [Symbol(lastWriteQueueSize)]: 0,
      [Symbol(timeout)]: null,
      [Symbol(kBuffer)]: null,
      [Symbol(kBufferCb)]: null,
      [Symbol(kBufferGen)]: null,
      [Symbol(kCapture)]: false,
      [Symbol(kBytesRead)]: 0,
      [Symbol(kBytesWritten)]: 0,
      [Symbol(RequestTimeout)]: undefined
    },
    httpVersionMajor: 1,
    httpVersionMinor: 1,
    httpVersion: '1.1',
    complete: false,
    rawHeaders: [
      'Date',
      'Mon, 02 May 2022 00:03:55 GMT',
      'Connection',
      'close',
      'Transfer-Encoding',
      'chunked'
    ],
    rawTrailers: [],
    aborted: false,
    upgrade: false,
    url: '',
    method: null,
    statusCode: 200,
    statusMessage: 'OK',
    client: Socket {
      connecting: false,
      _hadError: false,
      _parent: null,
      _host: 'localhost',
      _readableState: [ReadableState],
      _events: [Object: null prototype],
      _eventsCount: 8,
      _maxListeners: undefined,
      _writableState: [WritableState],
      allowHalfOpen: false,
      _sockname: null,
      _pendingData: null,
      _pendingEncoding: '',
      server: null,
      _server: null,
      parser: [HTTPParser],
      _httpMessage: [ClientRequest],
      [Symbol(async_id_symbol)]: 7,
      [Symbol(kHandle)]: [TCP],
      [Symbol(kSetNoDelay)]: false,
      [Symbol(lastWriteQueueSize)]: 0,
      [Symbol(timeout)]: null,
      [Symbol(kBuffer)]: null,
      [Symbol(kBufferCb)]: null,
      [Symbol(kBufferGen)]: null,
      [Symbol(kCapture)]: false,
      [Symbol(kBytesRead)]: 0,
      [Symbol(kBytesWritten)]: 0,
      [Symbol(RequestTimeout)]: undefined
    },
    _consuming: false,
    _dumped: false,
    req: ClientRequest {
      _events: [Object: null prototype],
      _eventsCount: 7,
      _maxListeners: undefined,
      outputData: [],
      outputSize: 0,
      writable: true,
      destroyed: false,
      _last: true,
      chunkedEncoding: false,
      shouldKeepAlive: false,
      maxRequestsOnConnectionReached: false,
      _defaultKeepAlive: true,
      useChunkedEncodingByDefault: false,
      sendDate: false,
      _removedConnection: false,
      _removedContLen: false,
      _removedTE: false,
      _contentLength: 0,
      _hasBody: true,
      _trailer: '',
      finished: true,
      _headerSent: true,
      _closed: false,
      socket: [Socket],
      _header: 'GET / HTTP/1.1\r\n' +
        'Accept: application/json, text/plain, */*\r\n' +
        'User-Agent: axios/0.27.2\r\n' +
        'Host: localhost:3000\r\n' +
        'Connection: close\r\n' +
        '\r\n',
      _keepAliveTimeout: 0,
      _onPendingData: [Function: nop],
      agent: [Agent],
      socketPath: undefined,
      method: 'GET',
      maxHeaderSize: undefined,
      insecureHTTPParser: undefined,
      path: '/',
      _ended: false,
      res: [Circular *1],
      aborted: false,
      timeoutCb: null,
      upgradeOrConnect: false,
      parser: [HTTPParser],
      maxHeadersCount: null,
      reusedSocket: false,
      host: 'localhost',
      protocol: 'http:',
      _redirectable: [Writable],
      [Symbol(kCapture)]: false,
      [Symbol(kNeedDrain)]: false,
      [Symbol(corked)]: 0,
      [Symbol(kOutHeaders)]: [Object: null prototype]
    },
    responseUrl: 'http://localhost:3000/',
    redirects: [],
    [Symbol(kCapture)]: false,
    [Symbol(kHeaders)]: {
      date: 'Mon, 02 May 2022 00:03:55 GMT',
      connection: 'close',
      'transfer-encoding': 'chunked'
    },
    [Symbol(kHeadersCount)]: 6,
    [Symbol(kTrailers)]: null,
    [Symbol(kTrailersCount)]: 0,
    [Symbol(RequestTimeout)]: undefined
  },
  <ref *2> IncomingMessage {
    _readableState: ReadableState {
      objectMode: false,
      highWaterMark: 16384,
      buffer: BufferList { head: [Object], tail: [Object], length: 1 },
      length: 39,
      pipes: [],
      flowing: null,
      ended: false,
      endEmitted: false,
      reading: false,
      constructed: true,
      sync: true,
      needReadable: false,
      emittedReadable: false,
      readableListening: false,
      resumeScheduled: false,
      errorEmitted: false,
      emitClose: true,
      autoDestroy: true,
      destroyed: false,
      errored: null,
      closed: false,
      closeEmitted: false,
      defaultEncoding: 'utf8',
      awaitDrainWriters: null,
      multiAwaitDrain: false,
      readingMore: true,
      dataEmitted: false,
      decoder: null,
      encoding: null,
      [Symbol(kPaused)]: null
    },
    _events: [Object: null prototype] { end: [Function: responseOnEnd] },
    _eventsCount: 1,
    _maxListeners: undefined,
    socket: Socket {
      connecting: false,
      _hadError: false,
      _parent: null,
      _host: 'localhost',
      _readableState: [ReadableState],
      _events: [Object: null prototype],
      _eventsCount: 8,
      _maxListeners: undefined,
      _writableState: [WritableState],
      allowHalfOpen: false,
      _sockname: null,
      _pendingData: null,
      _pendingEncoding: '',
      server: null,
      _server: null,
      parser: [HTTPParser],
      _httpMessage: [ClientRequest],
      [Symbol(async_id_symbol)]: 11,
      [Symbol(kHandle)]: [TCP],
      [Symbol(kSetNoDelay)]: false,
      [Symbol(lastWriteQueueSize)]: 0,
      [Symbol(timeout)]: null,
      [Symbol(kBuffer)]: null,
      [Symbol(kBufferCb)]: null,
      [Symbol(kBufferGen)]: null,
      [Symbol(kCapture)]: false,
      [Symbol(kBytesRead)]: 0,
      [Symbol(kBytesWritten)]: 0,
      [Symbol(RequestTimeout)]: undefined
    },
    httpVersionMajor: 1,
    httpVersionMinor: 1,
    httpVersion: '1.1',
    complete: false,
    rawHeaders: [
      'Date',
      'Mon, 02 May 2022 00:03:55 GMT',
      'Connection',
      'close',
      'Transfer-Encoding',
      'chunked'
    ],
    rawTrailers: [],
    aborted: false,
    upgrade: false,
    url: '',
    method: null,
    statusCode: 200,
    statusMessage: 'OK',
    client: Socket {
      connecting: false,
      _hadError: false,
      _parent: null,
      _host: 'localhost',
      _readableState: [ReadableState],
      _events: [Object: null prototype],
      _eventsCount: 8,
      _maxListeners: undefined,
      _writableState: [WritableState],
      allowHalfOpen: false,
      _sockname: null,
      _pendingData: null,
      _pendingEncoding: '',
      server: null,
      _server: null,
      parser: [HTTPParser],
      _httpMessage: [ClientRequest],
      [Symbol(async_id_symbol)]: 11,
      [Symbol(kHandle)]: [TCP],
      [Symbol(kSetNoDelay)]: false,
      [Symbol(lastWriteQueueSize)]: 0,
      [Symbol(timeout)]: null,
      [Symbol(kBuffer)]: null,
      [Symbol(kBufferCb)]: null,
      [Symbol(kBufferGen)]: null,
      [Symbol(kCapture)]: false,
      [Symbol(kBytesRead)]: 0,
      [Symbol(kBytesWritten)]: 0,
      [Symbol(RequestTimeout)]: undefined
    },
    _consuming: false,
    _dumped: false,
    req: ClientRequest {
      _events: [Object: null prototype],
      _eventsCount: 7,
      _maxListeners: undefined,
      outputData: [],
      outputSize: 0,
      writable: true,
      destroyed: false,
      _last: true,
      chunkedEncoding: false,
      shouldKeepAlive: false,
      maxRequestsOnConnectionReached: false,
      _defaultKeepAlive: true,
      useChunkedEncodingByDefault: false,
      sendDate: false,
      _removedConnection: false,
      _removedContLen: false,
      _removedTE: false,
      _contentLength: 0,
      _hasBody: true,
      _trailer: '',
      finished: true,
      _headerSent: true,
      _closed: false,
      socket: [Socket],
      _header: 'GET / HTTP/1.1\r\n' +
        'Accept: application/json, text/plain, */*\r\n' +
        'User-Agent: axios/0.27.2\r\n' +
        'Host: localhost:4000\r\n' +
        'Connection: close\r\n' +
        '\r\n',
      _keepAliveTimeout: 0,
      _onPendingData: [Function: nop],
      agent: [Agent],
      socketPath: undefined,
      method: 'GET',
      maxHeaderSize: undefined,
      insecureHTTPParser: undefined,
      path: '/',
      _ended: false,
      res: [Circular *2],
      aborted: false,
      timeoutCb: null,
      upgradeOrConnect: false,
      parser: [HTTPParser],
      maxHeadersCount: null,
      reusedSocket: false,
      host: 'localhost',
      protocol: 'http:',
      _redirectable: [Writable],
      [Symbol(kCapture)]: false,
      [Symbol(kNeedDrain)]: false,
      [Symbol(corked)]: 0,
      [Symbol(kOutHeaders)]: [Object: null prototype]
    },
    responseUrl: 'http://localhost:4000/',
    redirects: [],
    [Symbol(kCapture)]: false,
    [Symbol(kHeaders)]: {
      date: 'Mon, 02 May 2022 00:03:55 GMT',
      connection: 'close',
      'transfer-encoding': 'chunked'
    },
    [Symbol(kHeadersCount)]: 6,
    [Symbol(kTrailers)]: null,
    [Symbol(kTrailersCount)]: 0,
    [Symbol(RequestTimeout)]: undefined
  }
]
[erick] {"id":1651449835489,"name":"Erick-1"}
[erick] {"id":1651449835496,"name":"Erick-2"}
[erick] {"id":1651449835497,"name":"Erick-3"}
[erick] {"id":1651449835513,"name":"Erick-4"}
[erick] {"id":1651449835514,"name":"Erick-5"}
[erick] {"id":1651449835515,"name":"Erick-6"}
[erick] {"id":1651449835516,"name":"Erick-7"}
[erick] {"id":1651449835533,"name":"Erick-8"}
[erick] {"id":1651449835534,"name":"Erick-9"}
[erick] {"id":1651449835535,"name":"Erick-10"}
[erick] {"id":1651449835536,"name":"Erick-11"}
[erick] {"id":1651449835537,"name":"Erick-12"}
[erick] {"id":1651449835538,"name":"Erick-13"}
[erick] {"id":1651449835539,"name":"Erick-14"}
[erick] {"id":1651449835541,"name":"Erick-15"}
[erick] {"id":1651449835556,"name":"Erick-16"}
[erick] {"id":1651449835557,"name":"Erick-17"}
[erick] {"id":1651449835558,"name":"Erick-18"}
[erick] {"id":1651449835559,"name":"Erick-19"}
[erick] {"id":1651449835560,"name":"Erick-20"}
[erick] {"id":1651449835562,"name":"Erick-21"}
[erick] {"id":1651449835563,"name":"Erick-22"}
[erick] {"id":1651449835564,"name":"Erick-23"}
[erick] {"id":1651449835565,"name":"Erick-24"}
[erick] {"id":1651449835566,"name":"Erick-25"}
[erick] {"id":1651449835567,"name":"Erick-26"}
[erick] {"id":1651449835568,"name":"Erick-27"}
[erick] {"id":1651449835569,"name":"Erick-28"}
[erick] {"id":1651449835570,"name":"Erick-29"}
[erick] {"id":1651449835571,"name":"Erick-30"}
[erick] {"id":1651449835572,"name":"Erick-31"}
[erick] {"id":1651449835588,"name":"Erick-32"}
[erick] {"id":1651449835593,"name":"Erick-33"}
[erick] {"id":1651449835594,"name":"Erick-34"}
[erick] {"id":1651449835595,"name":"Erick-35"}
[erick] {"id":1651449835596,"name":"Erick-36"}
[erick] {"id":1651449835597,"name":"Erick-37"}
[erick] {"id":1651449835598,"name":"Erick-38"}
[erick] {"id":1651449835599,"name":"Erick-39"}
[erick] {"id":1651449835600,"name":"Erick-40"}
[erick] {"id":1651449835601,"name":"Erick-41"}
[erick] {"id":1651449835603,"name":"Erick-42"}
[erick] {"id":1651449835604,"name":"Erick-43"}
[erick] {"id":1651449835605,"name":"Erick-44"}
[erick] {"id":1651449835606,"name":"Erick-45"}
[erick] {"id":1651449835607,"name":"Erick-46"}
[erick] {"id":1651449835608,"name":"Erick-47"}
[erick] {"id":1651449835610,"name":"Erick-48"}
[erick] {"id":1651449835611,"name":"Erick-49"}
[erick] {"id":1651449835612,"name":"Erick-50"}
[erick] {"id":1651449835614,"name":"Erick-51"}
[erick] {"id":1651449835615,"name":"Erick-52"}
[erick] {"id":1651449835616,"name":"Erick-53"}
[erick] {"id":1651449835617,"name":"Erick-54"}
[erick] {"id":1651449835618,"name":"Erick-55"}
[erick] {"id":1651449835619,"name":"Erick-56"}
[erick] {"id":1651449835620,"name":"Erick-57"}
[erick] {"id":1651449835621,"name":"Erick-58"}
[erick] {"id":1651449835622,"name":"Erick-59"}
[erick] {"id":1651449835623,"name":"Erick-60"}
[erick] {"id":1651449835624,"name":"Erick-61"}
[erick] {"id":1651449835625,"name":"Erick-62"}
[erick] {"id":1651449835626,"name":"Erick-63"}
[erick] {"id":1651449835636,"name":"Erick-64"}
[erick] {"id":1651449835637,"name":"Erick-65"}
[erick] {"id":1651449835638,"name":"Erick-66"}
[erick] {"id":1651449835639,"name":"Erick-67"}
[erick] {"id":1651449835640,"name":"Erick-68"}
[erick] {"id":1651449835641,"name":"Erick-69"}
[erick] {"id":1651449835642,"name":"Erick-70"}
[erick] {"id":1651449835643,"name":"Erick-71"}
[erick] {"id":1651449835644,"name":"Erick-72"}
[erick] {"id":1651449835645,"name":"Erick-73"}
[erick] {"id":1651449835646,"name":"Erick-74"}
[erick] {"id":1651449835647,"name":"Erick-75"}
[erick] {"id":1651449835648,"name":"Erick-76"}
[erick] {"id":1651449835650,"name":"Erick-77"}
[erick] {"id":1651449835651,"name":"Erick-78"}
[erick] {"id":1651449835652,"name":"Erick-79"}
[erick] {"id":1651449835653,"name":"Erick-80"}
[erick] {"id":1651449835654,"name":"Erick-81"}
[erick] {"id":1651449835655,"name":"Erick-82"}
[erick] {"id":1651449835656,"name":"Erick-83"}
[erick] {"id":1651449835657,"name":"Erick-84"}
[erick] {"id":1651449835658,"name":"Erick-85"}
[erick] {"id":1651449835659,"name":"Erick-86"}
[erick] {"id":1651449835660,"name":"Erick-87"}
[erick] {"id":1651449835661,"name":"Erick-88"}
[erick] {"id":1651449835662,"name":"Erick-89"}
[erick] {"id":1651449835663,"name":"Erick-90"}
[erick] {"id":1651449835664,"name":"Erick-91"}
[erick] {"id":1651449835665,"name":"Erick-92"}
[erick] {"id":1651449835666,"name":"Erick-93"}
[erick] {"id":1651449835667,"name":"Erick-94"}
[erick] {"id":1651449835668,"name":"Erick-95"}
[erick] {"id":1651449835669,"name":"Erick-96"}
[erick] {"id":1651449835670,"name":"Erick-97"}
[erick] {"id":1651449835671,"name":"Erick-98"}
[erick] {"id":1651449835673,"name":"Erick-99"}
[erick] {"id":1651449835674,"name":"Erick-100"}
[zézin] {"id":1651449835494,"name":"Zézin-1"}
[zézin] {"id":1651449835511,"name":"Zézin-2"}
[zézin] {"id":1651449835512,"name":"Zézin-3"}
[zézin] {"id":1651449835528,"name":"Zézin-4"}
[zézin] {"id":1651449835530,"name":"Zézin-5"}
[zézin] {"id":1651449835531,"name":"Zézin-6"}
[zézin] {"id":1651449835532,"name":"Zézin-7"}
[zézin] {"id":1651449835548,"name":"Zézin-8"}
[zézin] {"id":1651449835549,"name":"Zézin-9"}
[zézin] {"id":1651449835550,"name":"Zézin-10"}
[zézin] {"id":1651449835551,"name":"Zézin-11"}
[zézin] {"id":1651449835552,"name":"Zézin-12"}
[zézin] {"id":1651449835553,"name":"Zézin-13"}
[zézin] {"id":1651449835554,"name":"Zézin-14"}
[zézin] {"id":1651449835555,"name":"Zézin-15"}
[zézin] {"id":1651449835571,"name":"Zézin-16"}
[zézin] {"id":1651449835572,"name":"Zézin-17"}
[zézin] {"id":1651449835573,"name":"Zézin-18"}
[zézin] {"id":1651449835575,"name":"Zézin-19"}
[zézin] {"id":1651449835576,"name":"Zézin-20"}
[zézin] {"id":1651449835577,"name":"Zézin-21"}
[zézin] {"id":1651449835578,"name":"Zézin-22"}
[zézin] {"id":1651449835579,"name":"Zézin-23"}
[zézin] {"id":1651449835580,"name":"Zézin-24"}
[zézin] {"id":1651449835581,"name":"Zézin-25"}
[zézin] {"id":1651449835582,"name":"Zézin-26"}
[zézin] {"id":1651449835583,"name":"Zézin-27"}
[zézin] {"id":1651449835584,"name":"Zézin-28"}
[zézin] {"id":1651449835585,"name":"Zézin-29"}
[zézin] {"id":1651449835586,"name":"Zézin-30"}
[zézin] {"id":1651449835587,"name":"Zézin-31"}
[zézin] {"id":1651449835603,"name":"Zézin-32"}
[zézin] {"id":1651449835604,"name":"Zézin-33"}
[zézin] {"id":1651449835605,"name":"Zézin-34"}
[zézin] {"id":1651449835606,"name":"Zézin-35"}
[zézin] {"id":1651449835607,"name":"Zézin-36"}
[zézin] {"id":1651449835608,"name":"Zézin-37"}
[zézin] {"id":1651449835609,"name":"Zézin-38"}
[zézin] {"id":1651449835610,"name":"Zézin-39"}
[zézin] {"id":1651449835611,"name":"Zézin-40"}
[zézin] {"id":1651449835612,"name":"Zézin-41"}
[zézin] {"id":1651449835613,"name":"Zézin-42"}
[zézin] {"id":1651449835614,"name":"Zézin-43"}
[zézin] {"id":1651449835615,"name":"Zézin-44"}
[zézin] {"id":1651449835616,"name":"Zézin-45"}
[zézin] {"id":1651449835617,"name":"Zézin-46"}
[zézin] {"id":1651449835618,"name":"Zézin-47"}
[zézin] {"id":1651449835619,"name":"Zézin-48"}
[zézin] {"id":1651449835620,"name":"Zézin-49"}
[zézin] {"id":1651449835621,"name":"Zézin-50"}
[zézin] {"id":1651449835623,"name":"Zézin-51"}
[zézin] {"id":1651449835624,"name":"Zézin-52"}
[zézin] {"id":1651449835625,"name":"Zézin-53"}
[zézin] {"id":1651449835626,"name":"Zézin-54"}
[zézin] {"id":1651449835627,"name":"Zézin-55"}
[zézin] {"id":1651449835628,"name":"Zézin-56"}
[zézin] {"id":1651449835629,"name":"Zézin-57"}
[zézin] {"id":1651449835630,"name":"Zézin-58"}
[zézin] {"id":1651449835631,"name":"Zézin-59"}
[zézin] {"id":1651449835632,"name":"Zézin-60"}
[zézin] {"id":1651449835633,"name":"Zézin-61"}
[zézin] {"id":1651449835634,"name":"Zézin-62"}
[zézin] {"id":1651449835635,"name":"Zézin-63"}
[zézin] {"id":1651449835650,"name":"Zézin-64"}
[zézin] {"id":1651449835651,"name":"Zézin-65"}
[zézin] {"id":1651449835652,"name":"Zézin-66"}
[zézin] {"id":1651449835653,"name":"Zézin-67"}
[zézin] {"id":1651449835654,"name":"Zézin-68"}
[zézin] {"id":1651449835655,"name":"Zézin-69"}
[zézin] {"id":1651449835656,"name":"Zézin-70"}
[zézin] {"id":1651449835657,"name":"Zézin-71"}
[zézin] {"id":1651449835658,"name":"Zézin-72"}
[zézin] {"id":1651449835659,"name":"Zézin-73"}
[zézin] {"id":1651449835660,"name":"Zézin-74"}
[zézin] {"id":1651449835661,"name":"Zézin-75"}
[zézin] {"id":1651449835662,"name":"Zézin-76"}
[zézin] {"id":1651449835663,"name":"Zézin-77"}
[zézin] {"id":1651449835665,"name":"Zézin-78"}
[zézin] {"id":1651449835666,"name":"Zézin-79"}
[zézin] {"id":1651449835667,"name":"Zézin-80"}
[zézin] {"id":1651449835668,"name":"Zézin-81"}
[zézin] {"id":1651449835669,"name":"Zézin-82"}
[zézin] {"id":1651449835670,"name":"Zézin-83"}
[zézin] {"id":1651449835671,"name":"Zézin-84"}
[zézin] {"id":1651449835672,"name":"Zézin-85"}
[zézin] {"id":1651449835673,"name":"Zézin-86"}
[zézin] {"id":1651449835674,"name":"Zézin-87"}
[zézin] {"id":1651449835675,"name":"Zézin-88"}
[zézin] {"id":1651449835676,"name":"Zézin-89"}
[zézin] {"id":1651449835677,"name":"Zézin-90"}
[zézin] {"id":1651449835678,"name":"Zézin-91"}
[zézin] {"id":1651449835679,"name":"Zézin-92"}
[zézin] {"id":1651449835680,"name":"Zézin-93"}
[zézin] {"id":1651449835681,"name":"Zézin-94"}
[zézin] {"id":1651449835682,"name":"Zézin-95"}
[zézin] {"id":1651449835683,"name":"Zézin-96"}
[zézin] {"id":1651449835684,"name":"Zézin-97"}
[zézin] {"id":1651449835685,"name":"Zézin-98"}
[zézin] {"id":1651449835686,"name":"Zézin-99"}
[zézin] {"id":1651449835688,"name":"Zézin-100"}
